{
  "RSpec": {
    "coverage": {
      "/home/ussgordoncaptain/tic-tac-toe-rb-online-web-sp-000/lib/tic_tac_toe.rb": [
        1,
        1,
        5,
        5,
        15,
        15,
        15,
        5,
        null,
        10,
        null,
        null,
        1,
        13,
        null,
        1,
        12,
        null,
        1,
        15,
        15,
        12,
        null,
        3,
        null,
        null,
        1,
        13,
        2,
        11,
        1,
        null,
        10,
        null,
        null,
        1,
        null,
        9,
        10,
        10,
        10,
        10,
        1,
        null,
        9,
        9,
        9,
        null,
        null,
        null,
        null,
        1,
        11,
        11,
        121,
        99,
        90,
        null,
        99,
        null,
        11,
        null,
        null,
        1,
        10,
        10,
        10,
        8,
        null,
        2,
        null,
        null,
        null,
        1,
        30,
        null,
        226,
        178,
        178,
        178,
        68,
        110,
        12,
        null,
        98,
        null,
        null,
        18,
        null,
        1,
        16,
        105,
        81,
        8,
        null,
        73,
        null,
        8,
        null,
        null,
        1,
        15,
        7,
        null,
        8,
        5,
        null,
        3,
        null,
        null,
        null,
        1,
        11,
        3,
        8,
        4,
        null,
        null,
        null,
        1,
        14,
        null,
        14,
        9,
        null,
        5,
        5,
        5,
        null,
        1,
        31,
        7,
        null,
        12,
        12,
        8,
        null,
        null,
        4,
        null,
        null
      ]
    },
    "timestamp": 1588856919
  }
}
